Change Component Designator: OldDesignator=C9 NewDesignator=C13
Change Component Designator: OldDesignator=C10 NewDesignator=C14
Change Component Designator: OldDesignator=C11 NewDesignator=C15
Change Component Designator: OldDesignator=C12 NewDesignator=C16
Change Component Designator: OldDesignator=R15 NewDesignator=R19
Change Component Designator: OldDesignator=R16 NewDesignator=R20
Change Component Designator: OldDesignator=R17 NewDesignator=R21
Change Component Designator: OldDesignator=R18 NewDesignator=R22
Change Component Designator: OldDesignator=R19 NewDesignator=R23
Change Component Designator: OldDesignator=R20 NewDesignator=R24
Change Component Designator: OldDesignator=R21 NewDesignator=R25
Change Component Designator: OldDesignator=R22 NewDesignator=R26
Change Component Designator: OldDesignator=VT5 NewDesignator=VT8
Change Component Designator: OldDesignator=VT6 NewDesignator=VT9
Change Component Designator: OldDesignator=X20 NewDesignator=X24
Change Component Designator: OldDesignator=X21 NewDesignator=X25
Change Component Designator: OldDesignator=X22 NewDesignator=X26
Change Component Designator: OldDesignator=X23 NewDesignator=X27
Change Component Designator: OldDesignator=X24 NewDesignator=X28
Change Component Designator: OldDesignator=X25 NewDesignator=X29
Added Component: Designator=C9(C_0805)
Add component (AddParameter): Name = "Component Type"; Value = "Capasitor"; VariantName = "[No Variations]"
Add component (AddParameter): Name = "ComponentLink1Description"; Value = "Datasheet"; VariantName = "[No Variations]"
Add component (AddParameter): Name = "ComponentLink1URL"; Value = "https://www.murata.com/~/media/webrenewal/support/library/catalog/products/capacitor/mlcc/c02e.ashx?la=en-us"; VariantName = "[No Variations]"
Add component (AddParameter): Name = "Manufacturer"; Value = "Murata Electronics"; VariantName = "[No Variations]"
Add component (AddParameter): Name = "Part Number"; Value = "GRM188R72A104KA35D"; VariantName = "[No Variations]"
Add component (AddParameter): Name = "Value"; Value = "0.1µF"; VariantName = "[No Variations]"
Add Component: Footprint Not Found B_CASE
Add Component: Footprint Not Found B_CASE
Add Component: Footprint Not Found B_CASE
Added Component: Designator=R15(R_0805)
Add component (AddParameter): Name = "Component Type"; Value = "Resistor"; VariantName = "[No Variations]"
Add component (AddParameter): Name = "ComponentLink1Description"; Value = "Datasheet"; VariantName = "[No Variations]"
Add component (AddParameter): Name = "ComponentLink1URL"; Value = "https://www.bourns.com/pdfs/chpreztr.pdf"; VariantName = "[No Variations]"
Add component (AddParameter): Name = "Manufacturer"; Value = "Bourns Inc."; VariantName = "[No Variations]"
Add component (AddParameter): Name = "Part Number"; Value = "CR0603-FX-1002ELF"; VariantName = "[No Variations]"
Add component (AddParameter): Name = "Value"; Value = "10 ê"; VariantName = "[No Variations]"
Added Component: Designator=R16(R_0805)
Add component (AddParameter): Name = "Component Type"; Value = "Resistor"; VariantName = "[No Variations]"
Add component (AddParameter): Name = "ComponentLink1Description"; Value = "Datasheet"; VariantName = "[No Variations]"
Add component (AddParameter): Name = "ComponentLink1URL"; Value = "https://www.bourns.com/pdfs/chpreztr.pdf"; VariantName = "[No Variations]"
Add component (AddParameter): Name = "Manufacturer"; Value = "Bourns Inc."; VariantName = "[No Variations]"
Add component (AddParameter): Name = "Part Number"; Value = "CR0603-FX-1002ELF"; VariantName = "[No Variations]"
Add component (AddParameter): Name = "Value"; Value = "10 ê"; VariantName = "[No Variations]"
Added Component: Designator=R17(R_0805)
Add component (AddParameter): Name = "Component Type"; Value = "Resistor"; VariantName = "[No Variations]"
Add component (AddParameter): Name = "ComponentLink1Description"; Value = "Datasheet"; VariantName = "[No Variations]"
Add component (AddParameter): Name = "ComponentLink1URL"; Value = "https://www.bourns.com/pdfs/chpreztr.pdf"; VariantName = "[No Variations]"
Add component (AddParameter): Name = "Manufacturer"; Value = "Bourns Inc."; VariantName = "[No Variations]"
Add component (AddParameter): Name = "Part Number"; Value = "CR0603-FX-1002ELF"; VariantName = "[No Variations]"
Add component (AddParameter): Name = "Value"; Value = "10 ê"; VariantName = "[No Variations]"
Added Component: Designator=R18(Ñ1-4)
Added Component: Designator=VD1(SOD-123F)
Added Component: Designator=VD2(SOD-123F)
Added Component: Designator=VT5(SOT23)
Added Component: Designator=VT6(SOT23)
Added Component: Designator=VT7(SOT23)
Add Component: Footprint Not Found KT
Add Component: Footprint Not Found KT
Add Component: Footprint Not Found KT
Add Component: Footprint Not Found KT
Add Component: Footprint Not Found PJ-307
Added Pin To Net: NetName=GND Pin=C9-1
Add Pin To Net: Unknown Pin: Pin C11-2
Added Pin To Net: NetName=GND Pin=VT5-3
Added Pin To Net: NetName=GND Pin=VT7-1
Add Pin To Net: Unknown Pin: Pin X21-1
Add Pin To Net: Unknown Pin: Pin XS1-1
Change Net Name : Old Net Name=NetC9_1 New Net Name=NetC13_1
Change Net Name : Old Net Name=NetC9_2 New Net Name=NetC13_2
Change Net Name : Old Net Name=NetC10_2 New Net Name=NetC14_2
Change Net Name : Old Net Name=NetC11_1 New Net Name=NetC15_1
Change Net Name : Old Net Name=NetC11_2 New Net Name=NetC15_2
Change Net Name : Old Net Name=NetC12_1 New Net Name=NetC16_1
Change Net Name : Old Net Name=NetC12_2 New Net Name=NetC16_2
Added Pin To Net: NetName=NetC9_2 Pin=C9-2
Added Pin To Net: NetName=NetC9_2 Pin=R15-2
Added Pin To Net: NetName=NetC9_2 Pin=R16-2
Added Net: Name=NetC9_2
Added Pin To Net: NetName=NetC10_1 Pin=R18-2
Added Pin To Net: NetName=NetC10_1 Pin=VT5-2
Added Net: Name=NetC10_1
Added Pin To Net: NetName=NetC12_1 Pin=R17-2
Added Net: Name=NetC12_1
Added Pin To Net: NetName=NetC12_2 Pin=R18-1
Added Pin To Net: NetName=NetC12_2 Pin=VT6-3
Added Pin To Net: NetName=NetC12_2 Pin=VT7-3
Added Net: Name=NetC12_2
Added Pin To Net: NetName=NetR15_1 Pin=R15-1
Added Net: Name=NetR15_1
Added Pin To Net: NetName=NetR16_1 Pin=R16-1
Added Net: Name=NetR16_1
Added Pin To Net: NetName=NetR17_1 Pin=R17-1
Added Pin To Net: NetName=NetR17_1 Pin=VD1-1
Added Pin To Net: NetName=NetR17_1 Pin=VT6-2
Added Net: Name=NetR17_1
Added Pin To Net: NetName=NetVD2_2 Pin=VD2-2
Added Pin To Net: NetName=NetVD2_2 Pin=VT5-1
Added Pin To Net: NetName=NetVD2_2 Pin=VT7-2
Added Net: Name=NetVD2_2
Added Pin To Net: NetName=VCC Pin=VT6-1
Added Net: Name=VCC
Added Class: Name=Amplifier
Added Room: Name=Amplifier
