Change Component Designator: OldDesignator=X5 NewDesignator=X42
Change Component Designator: OldDesignator=X6 NewDesignator=X5
Change Component Designator: OldDesignator=X7 NewDesignator=X6
Change Component Designator: OldDesignator=X8 NewDesignator=X7
Change Component Designator: OldDesignator=X9 NewDesignator=X8
Change Component Designator: OldDesignator=X10 NewDesignator=X9
Change Component Designator: OldDesignator=X11 NewDesignator=X10
Change Component Designator: OldDesignator=X12 NewDesignator=X11
Change Component Designator: OldDesignator=X13 NewDesignator=X12
Change Component Designator: OldDesignator=X14 NewDesignator=X13
Change Component Designator: OldDesignator=X15 NewDesignator=X14
Change Component Designator: OldDesignator=X16 NewDesignator=X15
Change Component Designator: OldDesignator=X17 NewDesignator=X16
Change Component Designator: OldDesignator=X18 NewDesignator=X17
Change Component Designator: OldDesignator=X19 NewDesignator=X18
Change Component Designator: OldDesignator=X20 NewDesignator=X19
Change Component Designator: OldDesignator=X21 NewDesignator=X20
Change Component Designator: OldDesignator=X22 NewDesignator=X21
Change Component Designator: OldDesignator=X23 NewDesignator=X22
Change Component Designator: OldDesignator=X24 NewDesignator=X23
Change Component Designator: OldDesignator=X25 NewDesignator=X24
Change Component Designator: OldDesignator=X26 NewDesignator=X25
Change Component Designator: OldDesignator=X27 NewDesignator=X26
Change Component Designator: OldDesignator=X28 NewDesignator=X27
Change Component Designator: OldDesignator=X29 NewDesignator=X28
Change Component Designator: OldDesignator=X30 NewDesignator=X29
Change Component Designator: OldDesignator=X31 NewDesignator=X30
Change Component Designator: OldDesignator=X32 NewDesignator=X31
Change Component Designator: OldDesignator=X34 NewDesignator=X33
Change Component Designator: OldDesignator=X35 NewDesignator=X34
Change Component Designator: OldDesignator=X36 NewDesignator=X35
Change Component Designator: OldDesignator=X37 NewDesignator=X36
Change Component Designator: OldDesignator=X38 NewDesignator=X37
Change Component Designator: OldDesignator=X39 NewDesignator=X38
Change Component Designator: OldDesignator=X40 NewDesignator=X39
Change Component Designator: OldDesignator=X41 NewDesignator=X40
Change Component Designator: OldDesignator=X42 NewDesignator=X41
Added Component: Designator=X32(R_0805)
Added Pin To Net: NetName=GND Pin=X32-1
Added Pin To Net: NetName=GND Pin=X32-2
Change Net Name : Old Net Name=NetX8_2 New Net Name=NetX7_2
Change Net Name : Old Net Name=NetX30_1 New Net Name=NetX29_1
Added Member To Class: ClassName=Operational_amplifier Member=Component X32 0 Îì
