Change Component Footprint: Designator=C2 Old Footprint=C_0603 New Footprint=C_0805
Change Component Footprint: Designator=C4 Old Footprint=C_0603 New Footprint=C_0805
Change Component Footprint: Designator=C5 Old Footprint=C_0603 New Footprint=C_0805
Change Component Footprint: Designator=C6 Old Footprint=C_0603 New Footprint=C_0805
Change Component Footprint: Designator=C7 Old Footprint=C_0603 New Footprint=C_0805
Change Component Footprint: Designator=C8 Old Footprint=C_0603 New Footprint=C_0805
Change Component Footprint: Designator=C12 Old Footprint=C_0603 New Footprint=C_0805
Change Component Footprint: Designator=C13 Old Footprint=C_0603 New Footprint=C_0805
Change Component Footprint: Designator=R1 Old Footprint=R_0603 New Footprint=R_0805
Change Component Footprint: Designator=R3 Old Footprint=R_0603 New Footprint=R_0805
Change Component Footprint: Designator=R4 Old Footprint=R_0603 New Footprint=R_0805
Change Component Footprint: Designator=R5 Old Footprint=R_0603 New Footprint=R_0805
Change Component Footprint: Designator=R6 Old Footprint=R_0603 New Footprint=R_0805
Change Component Footprint: Designator=R7 Old Footprint=R_0603 New Footprint=R_0805
Change Component Footprint: Designator=R8 Old Footprint=R_0603 New Footprint=R_0805
Change Component Footprint: Designator=R9 Old Footprint=R_0603 New Footprint=R_0805
Change Component Footprint: Designator=R10 Old Footprint=R_0603 New Footprint=R_0805
Change Component Footprint: Designator=R11 Old Footprint=R_0603 New Footprint=R_0805
Change Component Footprint: Designator=R16 Old Footprint=R_0603 New Footprint=R_0805
Change Component Footprint: Designator=R17 Old Footprint=R_0603 New Footprint=R_0805
Change Component Footprint: Designator=R18 Old Footprint=R_0603 New Footprint=R_0805
Change Component Footprint: Designator=R19 Old Footprint=R_0603 New Footprint=R_0805
Change Component Footprint: Designator=R20 Old Footprint=R_0603 New Footprint=R_0805
Change Component Footprint: Designator=R21 Old Footprint=R_0603 New Footprint=R_0805
Change Component Footprint: Designator=R22 Old Footprint=R_0603 New Footprint=R_0805
Change Component Footprint: Designator=R23 Old Footprint=R_0603 New Footprint=R_0805
Add Component: Footprint Not Found unknown component
Add Component: Footprint Not Found unknown component
Add Component: Footprint Not Found unknown component
Add Pin To Net: Unknown Pin: Pin X6-1
Add Pin To Net: Unknown Pin: Pin X6-2
Add Pin To Net: Unknown Pin: Pin X7-1
Add Pin To Net: Unknown Pin: Pin X7-2
Add Pin To Net: Unknown Pin: Pin X16-1
Add Pin To Net: Unknown Pin: Pin X16-2
Change Class Name : Old Net Name=Sheet1 New Net Name=USB_Protection
Change Class Name : Old Net Name=Sheet2 New Net Name=DC-DC
Change Class Name : Old Net Name=Sheet3 New Net Name=Radio_bug
Change Class Name : Old Net Name=Sheet5 New Net Name=Operational_amplifier
Add Class Member: Failed to add class member : Component X6 U-C
Add Class Member: Failed to add class member : Component X7 U-C
Add Class Member: Failed to add class member : Component X16 U-C
Change Room Name: Old Name=Sheet3 New Name=Radio_bug
Change Room Scope: Old Scope=InComponentClass('Sheet3') New Scope=InComponentClass('Radio_bug')
Change Room Name: Old Name=Sheet5 New Name=USB_Protection
Change Room Scope: Old Scope=InComponentClass('Sheet5') New Scope=InComponentClass('USB_Protection')
Added Room: Name=DC-DC
Added Room: Name=Operational_amplifier
