Removed Pin From Net: NetName=NetC5_2 Pin=R11-1
Removed Pin From Net: NetName=GND Pin=R11-2
Removed Member From Class: ClassName=Radio_bug Member=R12
Removed Member From Class: ClassName=Amplifier Member=R18
Removed Member From Class: ClassName=Operational_amplifier Member=R28
Change Component Comment : Designator=C9 Old Comment=0,10 New Comment=0,1
Change Component Designator: OldDesignator=C6 NewDesignator=C7
Change Component Designator: OldDesignator=C7 NewDesignator=C8
Change Component Designator: OldDesignator=C8 NewDesignator=C10
Change Component Designator: OldDesignator=C9 NewDesignator=C11
Change Component Designator: OldDesignator=C10 NewDesignator=C12
Change Component Designator: OldDesignator=C11 NewDesignator=C13
Change Component Designator: OldDesignator=C12 NewDesignator=C14
Change Component Designator: OldDesignator=C13 NewDesignator=C15
Change Component Designator: OldDesignator=C14 NewDesignator=C16
Change Component Designator: OldDesignator=C15 NewDesignator=C17
Change Component Designator: OldDesignator=C16 NewDesignator=C18
Change Component Designator: OldDesignator=C17 NewDesignator=C19
Change Component Designator: OldDesignator=C18 NewDesignator=C20
Change Component Designator: OldDesignator=R12 NewDesignator=R11
Change Component Designator: OldDesignator=R13 NewDesignator=R12
Change Component Designator: OldDesignator=R14 NewDesignator=R13
Change Component Designator: OldDesignator=R15 NewDesignator=R14
Change Component Designator: OldDesignator=R16 NewDesignator=R15
Change Component Designator: OldDesignator=R17 NewDesignator=R16
Change Component Designator: OldDesignator=R18 NewDesignator=R17
Change Component Designator: OldDesignator=R19 NewDesignator=R18
Change Component Designator: OldDesignator=R20 NewDesignator=R19
Change Component Designator: OldDesignator=R21 NewDesignator=R20
Change Component Designator: OldDesignator=R22 NewDesignator=R21
Change Component Designator: OldDesignator=R23 NewDesignator=R22
Change Component Designator: OldDesignator=R24 NewDesignator=R23
Change Component Designator: OldDesignator=R25 NewDesignator=R24
Change Component Designator: OldDesignator=R26 NewDesignator=R25
Change Component Designator: OldDesignator=R27 NewDesignator=R26
Change Component Designator: OldDesignator=R28 NewDesignator=R27
Change Component Designator: OldDesignator=R29 NewDesignator=R28
Change Component Designator: OldDesignator=R30 NewDesignator=R29
Add Component: Footprint Not Found C_0805
Add Component: Footprint Not Found C_0805
Add Pin To Net: Unknown Pin: Pin C6-1
Add Pin To Net: Unknown Pin: Pin C6-2
Add Pin To Net: Unknown Pin: Pin C9-1
Add Pin To Net: Unknown Pin: Pin C9-2
Change Net Name : Old Net Name=NetC6_2 New Net Name=NetC7_2
Change Net Name : Old Net Name=NetC7_2 New Net Name=NetC8_2
Change Net Name : Old Net Name=NetC8_1 New Net Name=NetC10_1
Change Net Name : Old Net Name=NetC10_1 New Net Name=NetC12_1
Change Net Name : Old Net Name=NetC10_2 New Net Name=NetC12_2
Change Net Name : Old Net Name=NetC12_1 New Net Name=NetC14_1
Change Net Name : Old Net Name=NetC13_1 New Net Name=NetC15_1
Change Net Name : Old Net Name=NetC13_2 New Net Name=NetC15_2
Change Net Name : Old Net Name=NetC14_1 New Net Name=NetC16_1
Change Net Name : Old Net Name=NetC14_2 New Net Name=NetC16_2
Change Net Name : Old Net Name=NetC15_2 New Net Name=NetC17_2
Change Net Name : Old Net Name=NetC16_1 New Net Name=NetC18_1
Change Net Name : Old Net Name=NetC16_2 New Net Name=NetC18_2
Change Net Name : Old Net Name=NetC17_1 New Net Name=NetC19_1
Change Net Name : Old Net Name=NetC17_2 New Net Name=NetC19_2
Change Net Name : Old Net Name=NetC18_1 New Net Name=NetC20_1
Change Net Name : Old Net Name=NetC18_2 New Net Name=NetC20_2
Change Net Name : Old Net Name=NetR13_1 New Net Name=NetR12_1
Change Net Name : Old Net Name=NetR14_1 New Net Name=NetR13_1
Change Net Name : Old Net Name=NetR15_1 New Net Name=NetR14_1
Change Net Name : Old Net Name=NetR17_2 New Net Name=NetR16_2
Change Net Name : Old Net Name=NetR18_2 New Net Name=NetR17_2
Added Member To Class: ClassName=Radio_bug Member=Component C10 10
Added Member To Class: ClassName=Radio_bug Member=Component C11 0,1
Added Member To Class: ClassName=Amplifier Member=Component R13 1ê
Added Member To Class: ClassName=Amplifier Member=Component R15 100ê
Added Member To Class: ClassName=Operational_amplifier Member=Component R16 1ê
Added Member To Class: ClassName=Operational_amplifier Member=Component R18 1k
Added Member To Class: ClassName=Operational_amplifier Member=Component R20 10 ê
Added Member To Class: ClassName=Operational_amplifier Member=Component R23 1ê
Added Member To Class: ClassName=Multivibrator Member=Component R26 300
Added Member To Class: ClassName=Multivibrator Member=Component R28 27 ê
