Removed Member From Class: ClassName=Sheet1 Member=DA?
Change Component Comment : Designator=C? Old Comment=0,1 ÏÍ New Comment=680
Change Component Designator: OldDesignator=BM? NewDesignator=BM1
Change Component Designator: OldDesignator=C? NewDesignator=C7
Change Component Designator: OldDesignator=DA? NewDesignator=DA1
Change Component Designator: OldDesignator=DA? NewDesignator=DA2
Change Component Designator: OldDesignator=R? NewDesignator=R1
Change Component Designator: OldDesignator=R? NewDesignator=R2
Change Component Designator: OldDesignator=R? NewDesignator=R3
Change Component Designator: OldDesignator=R? NewDesignator=R4
Change Component Designator: OldDesignator=R? NewDesignator=R5
Change Component Designator: OldDesignator=R? NewDesignator=R6
Change Component Designator: OldDesignator=R? NewDesignator=R7
Change Component Designator: OldDesignator=R? NewDesignator=R8
Change Component Designator: OldDesignator=TP? NewDesignator=TP1
Change Component Designator: OldDesignator=TP? NewDesignator=TP2
Change Component Designator: OldDesignator=X? NewDesignator=X1
Change Component Designator: OldDesignator=X? NewDesignator=X2
Change Component Designator: OldDesignator=X? NewDesignator=X3
Change Component Designator: OldDesignator=X? NewDesignator=X4
Added Component: Designator=C1(C_0603)
Add component (AddParameter): Name = "Component Type"; Value = "Capasitor"; VariantName = "[No Variations]"
Add component (AddParameter): Name = "ComponentLink1Description"; Value = "Datasheet"; VariantName = "[No Variations]"
Add component (AddParameter): Name = "ComponentLink1URL"; Value = "https://www.murata.com/~/media/webrenewal/support/library/catalog/products/capacitor/mlcc/c02e.ashx?la=en-us"; VariantName = "[No Variations]"
Add component (AddParameter): Name = "Manufacturer"; Value = "Murata Electronics"; VariantName = "[No Variations]"
Add component (AddParameter): Name = "Part Number"; Value = "GRM188R72A104KA35D"; VariantName = "[No Variations]"
Add component (AddParameter): Name = "Value"; Value = "0.1µF"; VariantName = "[No Variations]"
Added Component: Designator=C2(C_0603)
Add component (AddParameter): Name = "Component Type"; Value = "Capasitor"; VariantName = "[No Variations]"
Add component (AddParameter): Name = "ComponentLink1Description"; Value = "Datasheet"; VariantName = "[No Variations]"
Add component (AddParameter): Name = "ComponentLink1URL"; Value = "https://www.murata.com/~/media/webrenewal/support/library/catalog/products/capacitor/mlcc/c02e.ashx?la=en-us"; VariantName = "[No Variations]"
Add component (AddParameter): Name = "Manufacturer"; Value = "Murata Electronics"; VariantName = "[No Variations]"
Add component (AddParameter): Name = "Part Number"; Value = "GRM188R72A104KA35D"; VariantName = "[No Variations]"
Add component (AddParameter): Name = "Value"; Value = "0.1µF"; VariantName = "[No Variations]"
Added Component: Designator=C3(C_0603)
Add component (AddParameter): Name = "Component Type"; Value = "Capasitor"; VariantName = "[No Variations]"
Add component (AddParameter): Name = "ComponentLink1Description"; Value = "Datasheet"; VariantName = "[No Variations]"
Add component (AddParameter): Name = "ComponentLink1URL"; Value = "https://www.murata.com/~/media/webrenewal/support/library/catalog/products/capacitor/mlcc/c02e.ashx?la=en-us"; VariantName = "[No Variations]"
Add component (AddParameter): Name = "Manufacturer"; Value = "Murata Electronics"; VariantName = "[No Variations]"
Add component (AddParameter): Name = "Part Number"; Value = "GRM188R72A104KA35D"; VariantName = "[No Variations]"
Add component (AddParameter): Name = "Value"; Value = "0.1µF"; VariantName = "[No Variations]"
Added Component: Designator=C4(C_0603)
Add component (AddParameter): Name = "Component Type"; Value = "Capasitor"; VariantName = "[No Variations]"
Add component (AddParameter): Name = "ComponentLink1Description"; Value = "Datasheet"; VariantName = "[No Variations]"
Add component (AddParameter): Name = "ComponentLink1URL"; Value = "https://www.murata.com/~/media/webrenewal/support/library/catalog/products/capacitor/mlcc/c02e.ashx?la=en-us"; VariantName = "[No Variations]"
Add component (AddParameter): Name = "Manufacturer"; Value = "Murata Electronics"; VariantName = "[No Variations]"
Add component (AddParameter): Name = "Part Number"; Value = "GRM188R72A104KA35D"; VariantName = "[No Variations]"
Add component (AddParameter): Name = "Value"; Value = "0.1µF"; VariantName = "[No Variations]"
Added Component: Designator=C5(C_0603)
Add component (AddParameter): Name = "Component Type"; Value = "Capasitor"; VariantName = "[No Variations]"
Add component (AddParameter): Name = "ComponentLink1Description"; Value = "Datasheet"; VariantName = "[No Variations]"
Add component (AddParameter): Name = "ComponentLink1URL"; Value = "https://www.murata.com/~/media/webrenewal/support/library/catalog/products/capacitor/mlcc/c02e.ashx?la=en-us"; VariantName = "[No Variations]"
Add component (AddParameter): Name = "Manufacturer"; Value = "Murata Electronics"; VariantName = "[No Variations]"
Add component (AddParameter): Name = "Part Number"; Value = "GRM188R72A104KA35D"; VariantName = "[No Variations]"
Add component (AddParameter): Name = "Value"; Value = "0.1µF"; VariantName = "[No Variations]"
Added Component: Designator=C6(B_CASE)
Add component (AddParameter): Name = "Component Type"; Value = "Tantalum Capacitor"; VariantName = "[No Variations]"
Add component (AddParameter): Name = "ComponentLink1Description"; Value = "Datasheet"; VariantName = "[No Variations]"
Add component (AddParameter): Name = "ComponentLink1URL"; Value = "http://datasheets.avx.com/TAJ.pdf"; VariantName = "[No Variations]"
Add component (AddParameter): Name = "Manufacturer"; Value = "AVX Corporation"; VariantName = "[No Variations]"
Add component (AddParameter): Name = "Part Number"; Value = "TAJB107K004RNJ"; VariantName = "[No Variations]"
Add component (AddParameter): Name = "Value"; Value = "100µF"; VariantName = "[No Variations]"
Added Component: Designator=L1(t37)
Added Component: Designator=R9(R_0603)
Add component (AddParameter): Name = "Component Type"; Value = "Resistor"; VariantName = "[No Variations]"
Add component (AddParameter): Name = "ComponentLink1Description"; Value = "Datasheet"; VariantName = "[No Variations]"
Add component (AddParameter): Name = "ComponentLink1URL"; Value = "https://www.bourns.com/pdfs/chpreztr.pdf"; VariantName = "[No Variations]"
Add component (AddParameter): Name = "Manufacturer"; Value = "Bourns Inc."; VariantName = "[No Variations]"
Add component (AddParameter): Name = "Part Number"; Value = "CR0603-FX-1002ELF"; VariantName = "[No Variations]"
Add component (AddParameter): Name = "Value"; Value = "10 Í"; VariantName = "[No Variations]"
Added Component: Designator=R10(R_0603)
Add component (AddParameter): Name = "Component Type"; Value = "Resistor"; VariantName = "[No Variations]"
Add component (AddParameter): Name = "ComponentLink1Description"; Value = "Datasheet"; VariantName = "[No Variations]"
Add component (AddParameter): Name = "ComponentLink1URL"; Value = "https://www.bourns.com/pdfs/chpreztr.pdf"; VariantName = "[No Variations]"
Add component (AddParameter): Name = "Manufacturer"; Value = "Bourns Inc."; VariantName = "[No Variations]"
Add component (AddParameter): Name = "Part Number"; Value = "CR0603-FX-1002ELF"; VariantName = "[No Variations]"
Add component (AddParameter): Name = "Value"; Value = "10 Í"; VariantName = "[No Variations]"
Added Component: Designator=R11(R_0603)
Add component (AddParameter): Name = "Component Type"; Value = "Resistor"; VariantName = "[No Variations]"
Add component (AddParameter): Name = "ComponentLink1Description"; Value = "Datasheet"; VariantName = "[No Variations]"
Add component (AddParameter): Name = "ComponentLink1URL"; Value = "https://www.bourns.com/pdfs/chpreztr.pdf"; VariantName = "[No Variations]"
Add component (AddParameter): Name = "Manufacturer"; Value = "Bourns Inc."; VariantName = "[No Variations]"
Add component (AddParameter): Name = "Part Number"; Value = "CR0603-FX-1002ELF"; VariantName = "[No Variations]"
Add component (AddParameter): Name = "Value"; Value = "10 Í"; VariantName = "[No Variations]"
Added Component: Designator=R12(R_0603)
Add component (AddParameter): Name = "Component Type"; Value = "Resistor"; VariantName = "[No Variations]"
Add component (AddParameter): Name = "ComponentLink1Description"; Value = "Datasheet"; VariantName = "[No Variations]"
Add component (AddParameter): Name = "ComponentLink1URL"; Value = "https://www.bourns.com/pdfs/chpreztr.pdf"; VariantName = "[No Variations]"
Add component (AddParameter): Name = "Manufacturer"; Value = "Bourns Inc."; VariantName = "[No Variations]"
Add component (AddParameter): Name = "Part Number"; Value = "CR0603-FX-1002ELF"; VariantName = "[No Variations]"
Add component (AddParameter): Name = "Value"; Value = "10 Í"; VariantName = "[No Variations]"
Added Component: Designator=R13(R_0603)
Add component (AddParameter): Name = "Component Type"; Value = "Resistor"; VariantName = "[No Variations]"
Add component (AddParameter): Name = "ComponentLink1Description"; Value = "Datasheet"; VariantName = "[No Variations]"
Add component (AddParameter): Name = "ComponentLink1URL"; Value = "https://www.bourns.com/pdfs/chpreztr.pdf"; VariantName = "[No Variations]"
Add component (AddParameter): Name = "Manufacturer"; Value = "Bourns Inc."; VariantName = "[No Variations]"
Add component (AddParameter): Name = "Part Number"; Value = "CR0603-FX-1002ELF"; VariantName = "[No Variations]"
Add component (AddParameter): Name = "Value"; Value = "10 Í"; VariantName = "[No Variations]"
Added Component: Designator=R14(R_0603)
Add component (AddParameter): Name = "Component Type"; Value = "Resistor"; VariantName = "[No Variations]"
Add component (AddParameter): Name = "ComponentLink1Description"; Value = "Datasheet"; VariantName = "[No Variations]"
Add component (AddParameter): Name = "ComponentLink1URL"; Value = "https://www.bourns.com/pdfs/chpreztr.pdf"; VariantName = "[No Variations]"
Add component (AddParameter): Name = "Manufacturer"; Value = "Bourns Inc."; VariantName = "[No Variations]"
Add component (AddParameter): Name = "Part Number"; Value = "CR0603-FX-1002ELF"; VariantName = "[No Variations]"
Add component (AddParameter): Name = "Value"; Value = "10 Í"; VariantName = "[No Variations]"
Added Component: Designator=R15(R_0603)
Add component (AddParameter): Name = "Component Type"; Value = "Resistor"; VariantName = "[No Variations]"
Add component (AddParameter): Name = "ComponentLink1Description"; Value = "Datasheet"; VariantName = "[No Variations]"
Add component (AddParameter): Name = "ComponentLink1URL"; Value = "https://www.bourns.com/pdfs/chpreztr.pdf"; VariantName = "[No Variations]"
Add component (AddParameter): Name = "Manufacturer"; Value = "Bourns Inc."; VariantName = "[No Variations]"
Add component (AddParameter): Name = "Part Number"; Value = "CR0603-FX-1002ELF"; VariantName = "[No Variations]"
Add component (AddParameter): Name = "Value"; Value = "10 Í"; VariantName = "[No Variations]"
Added Component: Designator=R16(R_0603)
Add component (AddParameter): Name = "Component Type"; Value = "Resistor"; VariantName = "[No Variations]"
Add component (AddParameter): Name = "ComponentLink1Description"; Value = "Datasheet"; VariantName = "[No Variations]"
Add component (AddParameter): Name = "ComponentLink1URL"; Value = "https://www.bourns.com/pdfs/chpreztr.pdf"; VariantName = "[No Variations]"
Add component (AddParameter): Name = "Manufacturer"; Value = "Bourns Inc."; VariantName = "[No Variations]"
Add component (AddParameter): Name = "Part Number"; Value = "CR0603-FX-1002ELF"; VariantName = "[No Variations]"
Add component (AddParameter): Name = "Value"; Value = "10 Í"; VariantName = "[No Variations]"
Added Component: Designator=R17(R_0603)
Add component (AddParameter): Name = "Component Type"; Value = "Resistor"; VariantName = "[No Variations]"
Add component (AddParameter): Name = "ComponentLink1Description"; Value = "Datasheet"; VariantName = "[No Variations]"
Add component (AddParameter): Name = "ComponentLink1URL"; Value = "https://www.bourns.com/pdfs/chpreztr.pdf"; VariantName = "[No Variations]"
Add component (AddParameter): Name = "Manufacturer"; Value = "Bourns Inc."; VariantName = "[No Variations]"
Add component (AddParameter): Name = "Part Number"; Value = "CR0603-FX-1002ELF"; VariantName = "[No Variations]"
Add component (AddParameter): Name = "Value"; Value = "10 Í"; VariantName = "[No Variations]"
Added Component: Designator=R18(R_0603)
Add component (AddParameter): Name = "Component Type"; Value = "Resistor"; VariantName = "[No Variations]"
Add component (AddParameter): Name = "ComponentLink1Description"; Value = "Datasheet"; VariantName = "[No Variations]"
Add component (AddParameter): Name = "ComponentLink1URL"; Value = "https://www.bourns.com/pdfs/chpreztr.pdf"; VariantName = "[No Variations]"
Add component (AddParameter): Name = "Manufacturer"; Value = "Bourns Inc."; VariantName = "[No Variations]"
Add component (AddParameter): Name = "Part Number"; Value = "CR0603-FX-1002ELF"; VariantName = "[No Variations]"
Add component (AddParameter): Name = "Value"; Value = "10 Í"; VariantName = "[No Variations]"
Added Component: Designator=R19(R_0603)
Add component (AddParameter): Name = "Component Type"; Value = "Resistor"; VariantName = "[No Variations]"
Add component (AddParameter): Name = "ComponentLink1Description"; Value = "Datasheet"; VariantName = "[No Variations]"
Add component (AddParameter): Name = "ComponentLink1URL"; Value = "https://www.bourns.com/pdfs/chpreztr.pdf"; VariantName = "[No Variations]"
Add component (AddParameter): Name = "Manufacturer"; Value = "Bourns Inc."; VariantName = "[No Variations]"
Add component (AddParameter): Name = "Part Number"; Value = "CR0603-FX-1002ELF"; VariantName = "[No Variations]"
Add component (AddParameter): Name = "Value"; Value = "10 Í"; VariantName = "[No Variations]"
Added Component: Designator=TP3(Test_point)
Added Component: Designator=TP4(Test_point)
Added Component: Designator=TP5(Test_point)
Added Component: Designator=VT1(SOT23)
Added Component: Designator=VT2(SOT23)
Added Component: Designator=VT3( “-26)
Added Component: Designator=VT4(SOT23)
Added Component: Designator=X5(Solder_jumper)
Add Component: Footprint Not Found unknown component
Add Component: Footprint Not Found unknown component
Added Component: Designator=X8(Solder_jumper)
Added Pin To Net: NetName=GND Pin=C6-2
Added Pin To Net: NetName=GND Pin=DA2-2
Added Pin To Net: NetName=GND Pin=R13-2
Added Pin To Net: NetName=GND Pin=R14-2
Added Pin To Net: NetName=GND Pin=R19-2
Added Pin To Net: NetName=GND Pin=VT2-2
Add Pin To Net: Unknown Pin: Pin X7-1
Added Pin To Net: NetName=5V Pin=C1-1
Added Pin To Net: NetName=5V Pin=DA2-6
Added Pin To Net: NetName=5V Pin=L1-2
Added Pin To Net: NetName=5V Pin=R9-1
Added Pin To Net: NetName=5V Pin=R10-1
Added Pin To Net: NetName=5V Pin=R11-1
Added Pin To Net: NetName=5V Pin=R17-2
Added Net: Name=5V
Added Pin To Net: NetName=NetBM1_1 Pin=BM1-1
Added Pin To Net: NetName=NetBM1_1 Pin=C5-1
Added Pin To Net: NetName=NetBM1_1 Pin=R11-2
Added Net: Name=NetBM1_1
Added Pin To Net: NetName=NetC1_2 Pin=C1-2
Added Pin To Net: NetName=NetC1_2 Pin=C3-2
Added Pin To Net: NetName=NetC1_2 Pin=C4-1
Added Pin To Net: NetName=NetC1_2 Pin=L1-1
Added Pin To Net: NetName=NetC1_2 Pin=VT1-3
Added Net: Name=NetC1_2
Added Pin To Net: NetName=NetC2_1 Pin=C2-1
Added Pin To Net: NetName=NetC2_1 Pin=R9-2
Added Pin To Net: NetName=NetC2_1 Pin=R12-1
Added Pin To Net: NetName=NetC2_1 Pin=TP3-1
Added Pin To Net: NetName=NetC2_1 Pin=VT2-3
Added Net: Name=NetC2_1
Added Pin To Net: NetName=NetC2_2 Pin=C2-2
Added Pin To Net: NetName=NetC2_2 Pin=R10-2
Added Pin To Net: NetName=NetC2_2 Pin=R13-1
Added Pin To Net: NetName=NetC2_2 Pin=VT1-1
Added Net: Name=NetC2_2
Added Pin To Net: NetName=NetC4_2 Pin=C4-2
Added Pin To Net: NetName=NetC4_2 Pin=R14-1
Added Pin To Net: NetName=NetC4_2 Pin=VT1-2
Added Net: Name=NetC4_2
Added Pin To Net: NetName=NetC5_2 Pin=C5-2
Added Pin To Net: NetName=NetC5_2 Pin=R12-2
Added Pin To Net: NetName=NetC5_2 Pin=TP4-1
Added Pin To Net: NetName=NetC5_2 Pin=VT2-1
Added Net: Name=NetC5_2
Added Pin To Net: NetName=NetC6_1 Pin=C6-1
Added Pin To Net: NetName=NetC6_1 Pin=R18-1
Added Pin To Net: NetName=NetC6_1 Pin=TP5-1
Added Net: Name=NetC6_1
Added Pin To Net: NetName=NetC7_1 Pin=C7-1
Added Pin To Net: NetName=NetC7_1 Pin=DA2-4
Added Pin To Net: NetName=NetC7_1 Pin=X8-2
Added Net: Name=NetC7_1
Added Pin To Net: NetName=NetC7_2 Pin=C7-2
Added Pin To Net: NetName=NetC7_2 Pin=DA2-3
Added Net: Name=NetC7_2
Added Pin To Net: NetName=NetDA2_1 Pin=DA2-1
Added Pin To Net: NetName=NetDA2_1 Pin=DA2-8
Added Pin To Net: NetName=NetDA2_1 Pin=R16-2
Added Net: Name=NetDA2_1
Added Pin To Net: NetName=NetDA2_5 Pin=DA2-5
Added Pin To Net: NetName=NetDA2_5 Pin=R18-2
Added Pin To Net: NetName=NetDA2_5 Pin=R19-1
Added Pin To Net: NetName=NetDA2_5 Pin=X8-1
Added Net: Name=NetDA2_5
Added Pin To Net: NetName=NetDA2_7 Pin=DA2-7
Added Pin To Net: NetName=NetDA2_7 Pin=R15-1
Added Pin To Net: NetName=NetDA2_7 Pin=R17-1
Added Pin To Net: NetName=NetDA2_7 Pin=VT3-3
Added Pin To Net: NetName=NetDA2_7 Pin=X5-1
Added Net: Name=NetDA2_7
Added Pin To Net: NetName=NetR15_2 Pin=R15-2
Added Pin To Net: NetName=NetR15_2 Pin=R16-1
Added Pin To Net: NetName=NetR15_2 Pin=VT3-2
Added Net: Name=NetR15_2
Added Pin To Net: NetName=NetVT3_1 Pin=VT3-1
Added Pin To Net: NetName=NetVT3_1 Pin=X5-2
Added Net: Name=NetVT3_1
Added Member To Class: ClassName=Sheet1 Member=Component C1 10
Added Member To Class: ClassName=Sheet1 Member=Component C2 0,1 ÏÍ
Added Member To Class: ClassName=Sheet1 Member=Component C3 10
Added Member To Class: ClassName=Sheet1 Member=Component C4 10
Added Member To Class: ClassName=Sheet1 Member=Component C5 0,1 ÏÍ
Added Member To Class: ClassName=Sheet1 Member=Component C6 100 ÏÍ
Added Member To Class: ClassName=Sheet1 Member=Component DA1 LM358
Added Member To Class: ClassName=Sheet1 Member=Component DA2 MC34063
Added Member To Class: ClassName=Sheet1 Member=Component L1 T37-6
Added Member To Class: ClassName=Sheet1 Member=Component R1 100
Added Member To Class: ClassName=Sheet1 Member=Component R2 100
Added Member To Class: ClassName=Sheet1 Member=Component R3 10 Í
Added Member To Class: ClassName=Sheet1 Member=Component R5 1 Í
Added Member To Class: ClassName=Sheet1 Member=Component R6 1 Í
Added Member To Class: ClassName=Sheet1 Member=Component R7 10
Added Member To Class: ClassName=Sheet1 Member=Component R8 10
Added Member To Class: ClassName=Sheet1 Member=Component R9 4.7Í
Added Member To Class: ClassName=Sheet1 Member=Component R10 22
Added Member To Class: ClassName=Sheet1 Member=Component R11 10 Í
Added Member To Class: ClassName=Sheet1 Member=Component R12 1Ã
Added Member To Class: ClassName=Sheet1 Member=Component R13 10 Í
Added Member To Class: ClassName=Sheet1 Member=Component R14 100
Added Member To Class: ClassName=Sheet1 Member=Component R15 160
Added Member To Class: ClassName=Sheet1 Member=Component R16 160
Added Member To Class: ClassName=Sheet1 Member=Component R17 1
Added Member To Class: ClassName=Sheet1 Member=Component R18 10 Í
Added Member To Class: ClassName=Sheet1 Member=Component R19 10 Í
Added Member To Class: ClassName=Sheet1 Member=Component TP1 Test_Point_1
Added Member To Class: ClassName=Sheet1 Member=Component TP3 Test_Point_1
Added Member To Class: ClassName=Sheet1 Member=Component TP4 Test_Point_1
Added Member To Class: ClassName=Sheet1 Member=Component TP5 Test_Point_1
Added Member To Class: ClassName=Sheet1 Member=Component VT1 BC847
Added Member To Class: ClassName=Sheet1 Member=Component VT2 BC847
Added Member To Class: ClassName=Sheet1 Member=Component VT3 BC557
Added Member To Class: ClassName=Sheet1 Member=Component VT4 BC847
Added Member To Class: ClassName=Sheet1 Member=Component X1 X
Added Member To Class: ClassName=Sheet1 Member=Component X2 X
Added Member To Class: ClassName=Sheet1 Member=Component X3 X
Added Member To Class: ClassName=Sheet1 Member=Component X5 Solder_jumper
Add Class Member: Failed to add class member : Component X6 U-C
Add Class Member: Failed to add class member : Component X7 U-C
Added Member To Class: ClassName=Sheet1 Member=Component X8 Solder_jumper
