Removed Member From Class: ClassName=DC-DC Member=R?
Change Footprint: Footprint Not Found PLS-2
Change Footprint: Footprint Not Found PLS-2
Change Footprint: Footprint Not Found PLS-2
Change Footprint: Footprint Not Found PLS-2
Change Footprint: Footprint Not Found PLS-2
Change Footprint: Footprint Not Found PLS-2
Change Footprint: Footprint Not Found PLS-2
Change Footprint: Footprint Not Found PLS-2
Change Footprint: Footprint Not Found PLS-2
Change Footprint: Footprint Not Found PLS-2
Change Component Designator: OldDesignator=R5 NewDesignator=R6
Change Component Designator: OldDesignator=R6 NewDesignator=R7
Change Component Designator: OldDesignator=R7 NewDesignator=R8
Change Component Designator: OldDesignator=R8 NewDesignator=R9
Change Component Designator: OldDesignator=R9 NewDesignator=R10
Change Component Designator: OldDesignator=R10 NewDesignator=R11
Change Component Designator: OldDesignator=R11 NewDesignator=R12
Change Component Designator: OldDesignator=R12 NewDesignator=R13
Change Component Designator: OldDesignator=R13 NewDesignator=R14
Change Component Designator: OldDesignator=R14 NewDesignator=R15
Change Component Designator: OldDesignator=R15 NewDesignator=R16
Change Component Designator: OldDesignator=R16 NewDesignator=R17
Change Component Designator: OldDesignator=R19 NewDesignator=R18
Change Component Designator: OldDesignator=R? NewDesignator=R5
Change Component Designator: OldDesignator=R? NewDesignator=R19
Change Component Designator: OldDesignator=X11 NewDesignator=X5
Change Component Designator: OldDesignator=X12 NewDesignator=X6
Change Component Designator: OldDesignator=X13 NewDesignator=X7
Change Component Designator: OldDesignator=X14 NewDesignator=X8
Change Component Designator: OldDesignator=X15 NewDesignator=X9
Change Component Designator: OldDesignator=X16 NewDesignator=X10
Change Component Designator: OldDesignator=X17 NewDesignator=X11
Change Component Designator: OldDesignator=X18 NewDesignator=X12
Change Component Designator: OldDesignator=X19 NewDesignator=X13
Change Component Designator: OldDesignator=X20 NewDesignator=X14
Change Component Designator: OldDesignator=X21 NewDesignator=X15
Change Component Designator: OldDesignator=X22 NewDesignator=X16
Change Component Designator: OldDesignator=X23 NewDesignator=X17
Change Component Designator: OldDesignator=X24 NewDesignator=X18
Change Component Designator: OldDesignator=X26 NewDesignator=X19
Change Component Designator: OldDesignator=X27 NewDesignator=X20
Change Component Designator: OldDesignator=X28 NewDesignator=X21
Change Component Designator: OldDesignator=X29 NewDesignator=X22
Change Component Designator: OldDesignator=X30 NewDesignator=X23
Change Component Designator: OldDesignator=X31 NewDesignator=X24
Change Component Designator: OldDesignator=X32 NewDesignator=X25
Change Net Name : Old Net Name=NetR12_1 New Net Name=NetR13_1
Change Net Name : Old Net Name=NetR13_1 New Net Name=NetR14_1
Change Net Name : Old Net Name=NetR14_1 New Net Name=NetR15_1
Change Net Name : Old Net Name=NetR16_2 New Net Name=NetR17_2
Change Net Name : Old Net Name=Vin New Net Name=Vin
Added Member To Class: ClassName=DC-DC Member=Component R7 10 ê
