Change Component Designator: OldDesignator=C15 NewDesignator=C16
Change Component Designator: OldDesignator=C16 NewDesignator=C17
Change Component Designator: OldDesignator=R19 NewDesignator=R22
Change Component Designator: OldDesignator=R20 NewDesignator=R23
Change Component Designator: OldDesignator=R21 NewDesignator=R24
Change Component Designator: OldDesignator=R22 NewDesignator=R26
Change Component Designator: OldDesignator=R23 NewDesignator=R28
Change Component Designator: OldDesignator=R24 NewDesignator=R29
Change Component Designator: OldDesignator=R25 NewDesignator=R30
Change Component Designator: OldDesignator=R26 NewDesignator=R31
Change Component Designator: OldDesignator=X24 NewDesignator=X30
Change Component Designator: OldDesignator=X25 NewDesignator=X32
Change Component Designator: OldDesignator=X26 NewDesignator=X33
Change Component Designator: OldDesignator=X27 NewDesignator=X36
Change Component Designator: OldDesignator=X28 NewDesignator=X37
Change Component Designator: OldDesignator=X29 NewDesignator=X38
Change Component Designator: OldDesignator=X30 NewDesignator=X24
Added Component: Designator=C15(C_0805)
Add component (AddParameter): Name = "Component Type"; Value = "Capasitor"; VariantName = "[No Variations]"
Add component (AddParameter): Name = "ComponentLink1Description"; Value = "Datasheet"; VariantName = "[No Variations]"
Add component (AddParameter): Name = "ComponentLink1URL"; Value = "https://www.murata.com/~/media/webrenewal/support/library/catalog/products/capacitor/mlcc/c02e.ashx?la=en-us"; VariantName = "[No Variations]"
Add component (AddParameter): Name = "Manufacturer"; Value = "Murata Electronics"; VariantName = "[No Variations]"
Add component (AddParameter): Name = "Part Number"; Value = "GRM188R72A104KA35D"; VariantName = "[No Variations]"
Add component (AddParameter): Name = "Value"; Value = "0.1µF"; VariantName = "[No Variations]"
Added Component: Designator=R19(R_0805)
Add component (AddParameter): Name = "Component Type"; Value = "Resistor"; VariantName = "[No Variations]"
Add component (AddParameter): Name = "ComponentLink1Description"; Value = "Datasheet"; VariantName = "[No Variations]"
Add component (AddParameter): Name = "ComponentLink1URL"; Value = "https://www.bourns.com/pdfs/chpreztr.pdf"; VariantName = "[No Variations]"
Add component (AddParameter): Name = "Manufacturer"; Value = "Bourns Inc."; VariantName = "[No Variations]"
Add component (AddParameter): Name = "Part Number"; Value = "CR0603-FX-1002ELF"; VariantName = "[No Variations]"
Add component (AddParameter): Name = "Value"; Value = "10 Í"; VariantName = "[No Variations]"
Added Component: Designator=R20(R_0805)
Add component (AddParameter): Name = "Component Type"; Value = "Resistor"; VariantName = "[No Variations]"
Add component (AddParameter): Name = "ComponentLink1Description"; Value = "Datasheet"; VariantName = "[No Variations]"
Add component (AddParameter): Name = "ComponentLink1URL"; Value = "https://www.bourns.com/pdfs/chpreztr.pdf"; VariantName = "[No Variations]"
Add component (AddParameter): Name = "Manufacturer"; Value = "Bourns Inc."; VariantName = "[No Variations]"
Add component (AddParameter): Name = "Part Number"; Value = "CR0603-FX-1002ELF"; VariantName = "[No Variations]"
Add component (AddParameter): Name = "Value"; Value = "10 Í"; VariantName = "[No Variations]"
Added Component: Designator=R21(R_0805)
Add component (AddParameter): Name = "Component Type"; Value = "Resistor"; VariantName = "[No Variations]"
Add component (AddParameter): Name = "ComponentLink1Description"; Value = "Datasheet"; VariantName = "[No Variations]"
Add component (AddParameter): Name = "ComponentLink1URL"; Value = "https://www.bourns.com/pdfs/chpreztr.pdf"; VariantName = "[No Variations]"
Add component (AddParameter): Name = "Manufacturer"; Value = "Bourns Inc."; VariantName = "[No Variations]"
Add component (AddParameter): Name = "Part Number"; Value = "CR0603-FX-1002ELF"; VariantName = "[No Variations]"
Add component (AddParameter): Name = "Value"; Value = "10 Í"; VariantName = "[No Variations]"
Added Component: Designator=R25(R_0805)
Add component (AddParameter): Name = "Component Type"; Value = "Resistor"; VariantName = "[No Variations]"
Add component (AddParameter): Name = "ComponentLink1Description"; Value = "Datasheet"; VariantName = "[No Variations]"
Add component (AddParameter): Name = "ComponentLink1URL"; Value = "https://www.bourns.com/pdfs/chpreztr.pdf"; VariantName = "[No Variations]"
Add component (AddParameter): Name = "Manufacturer"; Value = "Bourns Inc."; VariantName = "[No Variations]"
Add component (AddParameter): Name = "Part Number"; Value = "CR0603-FX-1002ELF"; VariantName = "[No Variations]"
Add component (AddParameter): Name = "Value"; Value = "10 Í"; VariantName = "[No Variations]"
Added Component: Designator=R27(R_0805)
Add component (AddParameter): Name = "Component Type"; Value = "Resistor"; VariantName = "[No Variations]"
Add component (AddParameter): Name = "ComponentLink1Description"; Value = "Datasheet"; VariantName = "[No Variations]"
Add component (AddParameter): Name = "ComponentLink1URL"; Value = "https://www.bourns.com/pdfs/chpreztr.pdf"; VariantName = "[No Variations]"
Add component (AddParameter): Name = "Manufacturer"; Value = "Bourns Inc."; VariantName = "[No Variations]"
Add component (AddParameter): Name = "Part Number"; Value = "CR0603-FX-1002ELF"; VariantName = "[No Variations]"
Add component (AddParameter): Name = "Value"; Value = "10 Í"; VariantName = "[No Variations]"
Added Component: Designator=X25(PLS-1)
Added Component: Designator=X26(PLS-1)
Added Component: Designator=X27(PLS-1)
Added Component: Designator=X28(double_jumper)
Added Component: Designator=X29(double_jumper)
Added Component: Designator=X31(PLS-1)
Added Component: Designator=X34(PLS-1)
Added Component: Designator=X35(PLS-1)
Added Pin To Net: NetName=5V Pin=R19-1
Added Pin To Net: NetName=GND Pin=R20-2
Added Pin To Net: NetName=GND Pin=R27-2
Added Pin To Net: NetName=GND Pin=X27-1
Added Pin To Net: NetName=GND Pin=X28-3
Added Pin To Net: NetName=GND Pin=X35-1
Change Net Name : Old Net Name=NetC15_1 New Net Name=NetC16_1
Change Net Name : Old Net Name=NetC15_2 New Net Name=NetC16_2
Change Net Name : Old Net Name=NetC16_1 New Net Name=NetC17_1
Change Net Name : Old Net Name=NetC16_2 New Net Name=NetC17_2
Added Pin To Net: NetName=NetC15_1 Pin=C15-1
Added Pin To Net: NetName=NetC15_1 Pin=DA2-1
Added Pin To Net: NetName=NetC15_1 Pin=R25-1
Added Pin To Net: NetName=NetC15_1 Pin=X31-1
Added Net: Name=NetC15_1
Added Pin To Net: NetName=NetC15_2 Pin=C15-2
Added Pin To Net: NetName=NetC15_2 Pin=R27-1
Added Pin To Net: NetName=NetC15_2 Pin=X34-1
Added Net: Name=NetC15_2
Added Pin To Net: NetName=NetDA2_2 Pin=DA2-2
Added Pin To Net: NetName=NetDA2_2 Pin=R21-1
Added Pin To Net: NetName=NetDA2_2 Pin=R25-2
Added Net: Name=NetDA2_2
Added Pin To Net: NetName=NetDA2_3 Pin=DA2-3
Added Pin To Net: NetName=NetDA2_3 Pin=X29-2
Added Net: Name=NetDA2_3
Added Pin To Net: NetName=NetR19_2 Pin=R19-2
Added Pin To Net: NetName=NetR19_2 Pin=R20-1
Added Pin To Net: NetName=NetR19_2 Pin=X29-1
Added Net: Name=NetR19_2
Added Pin To Net: NetName=NetR21_2 Pin=R21-2
Added Pin To Net: NetName=NetR21_2 Pin=X28-2
Added Net: Name=NetR21_2
Added Pin To Net: NetName=NetX25_1 Pin=X25-1
Added Pin To Net: NetName=NetX25_1 Pin=X28-1
Added Net: Name=NetX25_1
Added Pin To Net: NetName=NetX26_1 Pin=X26-1
Added Pin To Net: NetName=NetX26_1 Pin=X29-3
Added Net: Name=NetX26_1
Added Member To Class: ClassName=Operational_amplifier Member=Component C15 0,10
Added Member To Class: ClassName=Operational_amplifier Member=Component R23 10 Í
Added Member To Class: ClassName=Operational_amplifier Member=Component R24 10 Í
Added Member To Class: ClassName=Operational_amplifier Member=Component R25 1Í
Added Member To Class: ClassName=Operational_amplifier Member=Component R26 10 Í
Added Member To Class: ClassName=Operational_amplifier Member=Component R27 1 Í
Added Member To Class: ClassName=Operational_amplifier Member=Component X27  “
Added Member To Class: ClassName=Operational_amplifier Member=Component X28 Solder_jumper_3
Added Member To Class: ClassName=Operational_amplifier Member=Component X29 Solder_jumper_3
Added Member To Class: ClassName=Operational_amplifier Member=Component X31  “
Added Member To Class: ClassName=Operational_amplifier Member=Component X32  “
Added Member To Class: ClassName=Operational_amplifier Member=Component X33  “
Added Member To Class: ClassName=Operational_amplifier Member=Component X34  “
Added Member To Class: ClassName=Operational_amplifier Member=Component X35  “
